Vivado Simulator 2020.2
Time resolution is 1 ps
========================================
Out-of-Order Processor Testbench
========================================
========================================
Running Test 1
========================================
Loading Simple ALU Test Program
ERROR: Test 1 timed out after 1000 cycles
$finish called at time : 10080 ns : File "C:/Users/surya/Desktop/Self/GaTech/AAA/ooo_processor_core/testbench/tb_ooo_processor.v" Line 427
========================================
Out-of-Order Processor Testbench
========================================
========================================
Running Test 1
========================================
Loading Simple ALU Test Program
ERROR: Test 1 timed out after 1000 cycles
$finish called at time : 10080 ns : File "C:/Users/surya/Desktop/Self/GaTech/AAA/ooo_processor_core/testbench/tb_ooo_processor.v" Line 427
